--------------------------------|---------|----------|---------|---------|-------------------
File                            | % Stmts | % Branch | % Funcs | % Lines | Uncovered Line #s
--------------------------------|---------|----------|---------|---------|-------------------
All files                       |      85 |    83.33 |      85 |      85 |
 src                            |      85 |    83.33 |      85 |      85 |
  index.js                      |      85 |    83.33 |      85 |      85 | 42-45
--------------------------------|---------|----------|---------|---------|-------------------
